src/app/api/events/[id]/documents/routeondrive.ts(3,32): error TS2307: Cannot find module '@/services/onedrive' or its corresponding type declarations.
src/app/api/events/from-firestore/route.ts(35,9): error TS2367: This comparison appears to be unintentional because the types '"stage_verd"' and '"stage_taronja"' have no overlap.
src/app/api/modifications/[id]/route.ts(10,34): error TS2322: Type 'Request' is not assignable to type 'NextApiRequest | (IncomingMessage & { cookies: Partial<{ [key: string]: string; }>; }) | NextRequest'.
  Type 'Request' is missing the following properties from type 'NextRequest': cookies, nextUrl, page, ua
src/app/api/modifications/route.ts(48,36): error TS2322: Type 'Request' is not assignable to type 'NextApiRequest | (IncomingMessage & { cookies: Partial<{ [key: string]: string; }>; }) | NextRequest'.
  Type 'Request' is missing the following properties from type 'NextRequest': cookies, nextUrl, page, ua
src/app/api/notifications/route.ts(37,7): error TS2740: Type 'Query<DocumentData, DocumentData>' is missing the following properties from type 'CollectionReference<DocumentData, DocumentData>': id, parent, path, listDocuments, and 2 more.
src/app/api/notifications/route.ts(89,7): error TS2740: Type 'Query<DocumentData, DocumentData>' is missing the following properties from type 'CollectionReference<DocumentData, DocumentData>': id, parent, path, listDocuments, and 2 more.
src/app/api/personnel/[id]/route.ts(5,10): error TS2305: Module '"@/lib/firebaseAdmin"' has no exported member 'db'.
src/app/api/personnel/route.ts(184,11): error TS2322: Type '{ id: string; name: string; role: string; driver: { isDriver: boolean; camioGran: boolean; camioPetit: boolean; }; department: string; departmentLower: string; email: string | null; phone: string | null; ... 8 more ...; requestStatus: "pending" | ... 2 more ... | "none"; }[]' is not assignable to type 'PersonnelItem[]'.
  Type '{ id: string; name: string; role: string; driver: { isDriver: boolean; camioGran: boolean; camioPetit: boolean; }; department: string; departmentLower: string; email: string | null; phone: string | null; ... 8 more ...; requestStatus: "pending" | ... 2 more ... | "none"; }' is not assignable to type 'PersonnelItem'.
    Types of property 'unavailableNotifiedAt' are incompatible.
      Type 'number | null' is not assignable to type 'number | undefined'.
        Type 'null' is not assignable to type 'number | undefined'.
src/app/api/pissarra/cuina/route.ts(78,57): error TS2537: Type '{ meetingPoint?: string | undefined; startTime?: string | undefined; workers?: number | undefined; drivers?: number | undefined; responsibleName?: string | null | undefined; }[] | undefined' has no matching index signature for type 'number'.
src/app/api/pissarra/cuina/route.ts(109,38): error TS2551: Property 'NumPax' does not exist on type 'QuadrantDoc'. Did you mean 'numPax'?
src/app/api/pissarra/route.ts(115,37): error TS2677: A type predicate's type must be assignable to its parameter's type.
  Type '{ normalizedCandidate: string; phaseLabel: string; phaseDate?: string | undefined; responsableName?: string | undefined; }' is not assignable to type '{ normalizedCandidate: string; phaseLabel: string; phaseDate: string | undefined; responsableName: any; }'.
    Property 'phaseDate' is optional in type '{ normalizedCandidate: string; phaseLabel: string; phaseDate?: string | undefined; responsableName?: string | undefined; }' but required in type '{ normalizedCandidate: string; phaseLabel: string; phaseDate: string | undefined; responsableName: any; }'.
src/app/api/pissarra/route.ts(117,23): error TS18047: 'info' is possibly 'null'.
src/app/api/pissarra/route.ts(122,24): error TS18047: 'info' is possibly 'null'.
src/app/api/quadrants/closing/route.ts(62,36): error TS2322: Type 'Request' is not assignable to type 'NextApiRequest | (IncomingMessage & { cookies: Partial<{ [key: string]: string; }>; }) | NextRequest'.
  Type 'Request' is missing the following properties from type 'NextRequest': cookies, nextUrl, page, ua
src/app/api/quadrants/confirm/route.ts(99,9): error TS2304: Cannot find name 'validUsers'.
src/app/api/quadrants/confirm/route.ts(102,23): error TS2304: Cannot find name 'validUsers'.
src/app/api/quadrants/confirm/route.ts(121,9): error TS2304: Cannot find name 'validUsers'.
src/app/api/quadrants/list/route.ts(259,9): error TS2322: Type '{ id: string; code: string; eventName: string; department: string; startDate: string; startTime: string; endDate: string; endTime: string; location: string; meetingPoint: string; arrivalTime: {}; ... 15 more ...; commercial: {} | null; }[]' is not assignable to type 'Draft[]'.
  Type '{ id: string; code: string; eventName: string; department: string; startDate: string; startTime: string; endDate: string; endTime: string; location: string; meetingPoint: string; arrivalTime: {}; ... 15 more ...; commercial: {} | null; }' is not assignable to type 'Draft'.
    Types of property 'arrivalTime' are incompatible.
      Type '{}' is not assignable to type 'string'.
src/app/api/quadrantsDraft/delete/route.ts(20,36): error TS2322: Type 'Request' is not assignable to type 'NextApiRequest | (IncomingMessage & { cookies: Partial<{ [key: string]: string; }>; }) | NextRequest'.
  Type 'Request' is missing the following properties from type 'NextRequest': cookies, nextUrl, page, ua
src/app/api/quadrantsDraft/route.ts(59,9): error TS2322: Type '{ responsableId: string | null; conductors: string[]; treballadors: string[]; status: string; updatedAt: string | null; department?: string | undefined; code?: string | undefined; location?: string | undefined; ... 8 more ...; id: string; }[]' is not assignable to type 'DraftDoc[]'.
  Type '{ responsableId: string | null; conductors: string[]; treballadors: string[]; status: string; updatedAt: string | null; department?: string | undefined; code?: string | undefined; location?: string | undefined; startTime?: string | undefined; ... 7 more ...; id: string; }' is not assignable to type 'DraftDoc'.
    Types of property 'updatedAt' are incompatible.
      Type 'string | null' is not assignable to type '{ toDate: () => Date; } | undefined'.
        Type 'null' is not assignable to type '{ toDate: () => Date; } | undefined'.
src/app/api/transports/route.ts(3,10): error TS2305: Module '"@/lib/firebaseAdmin"' has no exported member 'db'.
src/app/api/user-requests/route.ts(27,7): error TS2740: Type 'Query<DocumentData, DocumentData>' is missing the following properties from type 'CollectionReference<DocumentData, DocumentData>': id, parent, path, listDocuments, and 2 more.
src/app/menu/calendar/page.tsx(256,7): error TS2322: Type 'string[]' is not assignable to type 'string | CalendarLN[] | undefined'.
  Type 'string[]' is not assignable to type 'CalendarLN[]'.
    Type 'string' is not assignable to type 'CalendarLN'.
src/app/menu/calendar/page.tsx(279,9): error TS2322: Type 'string[]' is not assignable to type 'string | CalendarLN[] | undefined'.
  Type 'string[]' is not assignable to type 'CalendarLN[]'.
    Type 'string' is not assignable to type 'CalendarLN'.
src/app/menu/comercial/components/OrderPanel.tsx(138,45): error TS2345: Argument of type '(v: any) => boolean' is not assignable to parameter of type 'boolean'.
src/app/menu/comercial/components/OrderPanel.tsx(221,29): error TS2322: Type '(el: HTMLButtonElement | null) => HTMLButtonElement | null' is not assignable to type 'LegacyRef<HTMLButtonElement> | undefined'.
  Type '(el: HTMLButtonElement | null) => HTMLButtonElement | null' is not assignable to type '(instance: HTMLButtonElement | null) => void | (() => VoidOrUndefinedOnly)'.
    Type 'HTMLButtonElement | null' is not assignable to type 'void | (() => VoidOrUndefinedOnly)'.
      Type 'null' is not assignable to type 'void | (() => VoidOrUndefinedOnly)'.
src/app/menu/comercial/components/OrderPanel.tsx(221,43): error TS2322: Type 'HTMLButtonElement | null' is not assignable to type 'HTMLDivElement | null'.
  Property 'align' is missing in type 'HTMLButtonElement' but required in type 'HTMLDivElement'.
src/app/menu/comercial/components/ServicePanel.tsx(225,48): error TS2345: Argument of type '(p: any) => number' is not assignable to parameter of type 'number'.
src/app/menu/comercial/components/ServicePanel.tsx(237,35): error TS2345: Argument of type '(p: any) => number' is not assignable to parameter of type 'number'.
src/app/menu/comercial/components/ServicePanel.tsx(300,48): error TS2345: Argument of type '(p: any) => number' is not assignable to parameter of type 'number'.
src/app/menu/comercial/components/ServicePanel.tsx(312,35): error TS2345: Argument of type '(p: any) => number' is not assignable to parameter of type 'number'.
src/app/menu/comercial/page.tsx(226,17): error TS2322: Type '{ key: string; service: string; template: string; items: OrderLine[]; } | null' is not assignable to type '{ key: string; items: OrderLine[]; } | undefined'.
  Type 'null' is not assignable to type '{ key: string; items: OrderLine[]; } | undefined'.
src/app/menu/comercial/page.tsx(324,19): error TS2322: Type '{ key: string; service: string; template: string; items: OrderLine[]; } | null' is not assignable to type '{ key: string; items: OrderLine[]; } | undefined'.
  Type 'null' is not assignable to type '{ key: string; items: OrderLine[]; } | undefined'.
src/app/menu/events/[id]/page.tsx(8,32): error TS2305: Module '"@/services/googleCalendar"' has no exported member 'GoogleEvent'.
src/app/menu/events/[id]/page.tsx(40,24): error TS2304: Cannot find name 'firestoreAdmin'.
src/app/menu/events/[id]/page.tsx(67,79): error TS2322: Type 'string | null | undefined' is not assignable to type 'string | undefined'.
  Type 'null' is not assignable to type 'string | undefined'.
src/app/menu/events/page.tsx(69,48): error TS2554: Expected 3-4 arguments, but got 5.
src/app/menu/events/page.tsx(242,30): error TS2538: Type 'null' cannot be used as an index type.
src/app/menu/events/page.tsx(247,27): error TS2464: A computed property name must be of type 'string', 'number', 'symbol', or 'any'.
src/app/menu/events/page.tsx(301,9): error TS2322: Type '("empresa" | "casaments" | "foodlovers" | "agenda" | "altres" | undefined)[]' is not assignable to type 'string[]'.
  Type 'string | undefined' is not assignable to type 'string'.
    Type 'undefined' is not assignable to type 'string'.
src/app/menu/events/page.tsx(324,19): error TS2322: Type '{ chatUnread: number; canChat: boolean; lastAviso: { content: string; department: string; createdAt: string; } | null; id: string; summary: string; start: string; end: string | null; day: string; ... 19 more ...; horaInici?: string | undefined; }[]' is not assignable to type 'EventData[]'.
  Type '{ chatUnread: number; canChat: boolean; lastAviso: { content: string; department: string; createdAt: string; } | null; id: string; summary: string; start: string; end: string | null; day: string; ... 19 more ...; horaInici?: string; }' is not assignable to type 'EventData'.
    Types of property 'end' are incompatible.
      Type 'string | null' is not assignable to type 'string'.
        Type 'null' is not assignable to type 'string'.
src/app/menu/events/page.tsx(336,11): error TS2322: Type 'EventMenuData' is not assignable to type '{ id?: string | number | undefined; summary: string; start: string; eventCode?: string | null | undefined; code?: string | null | undefined; lnKey?: LnKey | undefined; isResponsible?: boolean | undefined; ... 6 more ...; importAmount?: number | undefined; }'.
  Types of property 'lnKey' are incompatible.
    Type 'string | undefined' is not assignable to type 'LnKey | undefined'.
      Type 'string' is not assignable to type 'LnKey | undefined'.
src/app/menu/incidents/components/IncidentsEventGroup.tsx(87,41): error TS2339: Property 'originDepartment' does not exist on type 'Incident'.
src/app/menu/incidents/components/IncidentsEventGroup.tsx(88,33): error TS2339: Property 'priority' does not exist on type 'Incident'.
src/app/menu/incidents/components/IncidentsRow.tsx(56,10): error TS2339: Property 'incidentNumber' does not exist on type 'Incident'.
src/app/menu/incidents/components/IncidentsRow.tsx(128,26): error TS2353: Object literal may only specify known properties, and 'originDepartment' does not exist in type 'Partial<Incident>'.
src/app/menu/incidents/components/IncidentsRow.tsx(130,13): error TS2322: Type '{ children: Element[]; value: any; onValueChange: (val: string) => void; onClick: (e: any) => any; }' is not assignable to type 'IntrinsicAttributes & SelectSharedProps & { value?: string | undefined; defaultValue?: string | undefined; onValueChange?(value: string): void; }'.
  Property 'onClick' does not exist on type 'IntrinsicAttributes & SelectSharedProps & { value?: string | undefined; defaultValue?: string | undefined; onValueChange?(value: string): void; }'.
src/app/menu/incidents/components/IncidentsRow.tsx(142,15): error TS2339: Property 'originDepartment' does not exist on type 'Incident'.
src/app/menu/incidents/components/IncidentsRow.tsx(153,26): error TS2353: Object literal may only specify known properties, and 'priority' does not exist in type 'Partial<Incident>'.
src/app/menu/incidents/components/IncidentsRow.tsx(155,13): error TS2322: Type '{ children: Element[]; value: any; onValueChange: (val: string) => void; onClick: (e: any) => any; }' is not assignable to type 'IntrinsicAttributes & SelectSharedProps & { value?: string | undefined; defaultValue?: string | undefined; onValueChange?(value: string): void; }'.
  Property 'onClick' does not exist on type 'IntrinsicAttributes & SelectSharedProps & { value?: string | undefined; defaultValue?: string | undefined; onValueChange?(value: string): void; }'.
src/app/menu/incidents/components/IncidentsRow.tsx(166,15): error TS2339: Property 'priority' does not exist on type 'Incident'.
src/app/menu/incidents/components/IncidentsTable.tsx(59,36): error TS2345: Argument of type 'unknown' is not assignable to parameter of type 'number'.
src/app/menu/logistica/assignacions/page.tsx(41,65): error TS2769: No overload matches this call.
  Overload 1 of 3, '(that: string, locales?: LocalesArgument, options?: CollatorOptions | undefined): number', gave the following error.
    Argument of type 'any[]' is not assignable to parameter of type 'string'.
  Overload 2 of 3, '(that: string, locales?: string | string[] | undefined, options?: CollatorOptions | undefined): number', gave the following error.
    Argument of type 'any[]' is not assignable to parameter of type 'string'.
  Overload 3 of 3, '(that: string): number', gave the following error.
    Argument of type 'any[]' is not assignable to parameter of type 'string'.
src/app/menu/logistica/transports/page.tsx(89,20): error TS2339: Property 'conductorName' does not exist on type 'Transport'.
src/app/menu/logistica/transports/page.tsx(89,39): error TS2551: Property 'conductor' does not exist on type 'Transport'. Did you mean 'conductorId'?
src/app/menu/logistica/transports/page.tsx(91,16): error TS2339: Property 'status' does not exist on type 'Transport'.
src/app/menu/logistica/transports/page.tsx(118,15): error TS2339: Property 'conductorName' does not exist on type 'Transport'.
src/app/menu/logistica/transports/page.tsx(118,36): error TS2551: Property 'conductor' does not exist on type 'Transport'. Did you mean 'conductorId'?
src/app/menu/logistica/transports/page.tsx(120,15): error TS2339: Property 'status' does not exist on type 'Transport'.
src/app/menu/missatgeria/page.tsx(342,44): error TS2464: A computed property name must be of type 'string', 'number', 'symbol', or 'any'.
src/app/menu/modifications/components/ModificationsTable.tsx(72,44): error TS2345: Argument of type 'unknown' is not assignable to parameter of type 'number'.
src/app/menu/page.tsx(45,7): error TS2741: Property '$$typeof' is missing in type '(props: Omit<LucideProps, "ref"> & RefAttributes<SVGSVGElement>) => Element' but required in type 'ForwardRefExoticComponent<Omit<LucideProps, "ref"> & RefAttributes<SVGSVGElement>>'.
src/app/menu/page.tsx(72,7): error TS2741: Property '$$typeof' is missing in type '(props: Omit<LucideProps, "ref"> & RefAttributes<SVGSVGElement>) => Element' but required in type 'ForwardRefExoticComponent<Omit<LucideProps, "ref"> & RefAttributes<SVGSVGElement>>'.
src/app/menu/page.tsx(99,31): error TS2367: This comparison appears to be unintentional because the types '"b"' and '"a"' have no overlap.
src/app/menu/personnel/[id]/page.tsx(15,63): error TS2339: Property 'message' does not exist on type 'string'.
src/app/menu/pissarra/page.tsx(404,15): error TS2322: Type '"Admin" | "Cap Departament" | "Treballador" | "Direccio"' is not assignable to type 'Role'.
  Type '"Direccio"' is not assignable to type 'Role'. Did you mean '"Direcci√≥"'?
src/app/menu/quadrants/[id]/components/QuadrantModal.tsx(154,43): error TS2339: Property 'title' does not exist on type 'QuadrantEvent'.
src/app/menu/quadrants/[id]/components/QuadrantModal.tsx(269,49): error TS2339: Property 'title' does not exist on type 'QuadrantEvent'.
src/app/menu/quadrants/[id]/components/QuadrantModal.tsx(270,54): error TS2339: Property 'title' does not exist on type 'QuadrantEvent'.
src/app/menu/quadrants/[id]/components/QuadrantModal.tsx(280,24): error TS2339: Property 'service' does not exist on type 'QuadrantEvent'.
src/app/menu/quadrants/[id]/components/QuadrantModal.tsx(281,23): error TS2339: Property 'numPax' does not exist on type 'QuadrantEvent'.
src/app/menu/quadrants/[id]/components/QuadrantModal.tsx(282,27): error TS2339: Property 'commercial' does not exist on type 'QuadrantEvent'.
src/app/menu/quadrants/[id]/components/QuadrantModal.tsx(427,27): error TS2339: Property 'service' does not exist on type 'QuadrantEvent'.
src/app/menu/quadrants/[id]/components/QuadrantModal.tsx(427,56): error TS2339: Property 'numPax' does not exist on type 'QuadrantEvent'.
src/app/menu/quadrants/[id]/components/QuadrantModal.tsx(427,91): error TS2339: Property 'startTime' does not exist on type 'QuadrantEvent'.
src/app/menu/quadrants/[id]/components/QuadrantServeisAutoGenerate.tsx(15,34): error TS2307: Cannot find module './autoGenerate/types' or its corresponding type declarations.
src/app/menu/quadrants/[id]/hooks/useLogisticsPhasesState.ts(130,62): error TS2339: Property 'eventLocation' does not exist on type 'QuadrantEvent'.
src/app/menu/quadrants/[id]/hooks/useLogisticsPhasesState.ts(353,5): error TS2322: Type 'string[]' is not assignable to type 'LogisticPhaseKey[]'.
  Type 'string' is not assignable to type 'LogisticPhaseKey'.
src/app/menu/quadrants/[id]/hooks/useQuadrantFormState.ts(157,52): error TS2339: Property 'startTime' does not exist on type 'QuadrantEvent'.
src/app/menu/quadrants/[id]/hooks/useQuadrantFormState.ts(158,48): error TS2339: Property 'endTime' does not exist on type 'QuadrantEvent'.
src/app/menu/quadrants/[id]/hooks/useQuadrantFormState.ts(159,56): error TS2339: Property 'arrivalTime' does not exist on type 'QuadrantEvent'.
src/app/menu/quadrants/[id]/hooks/useQuadrantFormState.ts(160,68): error TS2339: Property 'eventLocation' does not exist on type 'QuadrantEvent'.
src/app/menu/quadrants/[id]/hooks/useQuadrantFormState.ts(161,58): error TS2339: Property 'meetingPoint' does not exist on type 'QuadrantEvent'.
src/app/menu/quadrants/[id]/hooks/useQuadrantFormState.ts(173,55): error TS2339: Property 'eventLocation' does not exist on type 'QuadrantEvent'.
src/app/menu/quadrants/[id]/hooks/useQuadrantFormState.ts(175,102): error TS2339: Property 'eventLocation' does not exist on type 'QuadrantEvent'.
src/app/menu/quadrants/[id]/hooks/useQuadrantFormState.ts(180,43): error TS2339: Property 'eventLocation' does not exist on type 'QuadrantEvent'.
src/app/menu/quadrants/[id]/hooks/useQuadrantFormState.ts(181,22): error TS2339: Property 'startTime' does not exist on type 'QuadrantEvent'.
src/app/menu/quadrants/[id]/hooks/useQuadrantFormState.ts(182,20): error TS2339: Property 'endTime' does not exist on type 'QuadrantEvent'.
src/app/menu/quadrants/[id]/hooks/useQuadrantFormState.ts(309,66): error TS2339: Property 'eventLocation' does not exist on type 'QuadrantEvent'.
src/app/menu/quadrants/[id]/hooks/useQuadrantFormState.ts(335,13): error TS2339: Property 'eventLocation' does not exist on type 'QuadrantEvent'.
src/app/menu/quadrants/[id]/hooks/useQuadrantFormState.ts(336,13): error TS2339: Property 'phaseKey' does not exist on type 'QuadrantEvent'.
src/app/menu/quadrants/[id]/hooks/useQuadrantFormState.ts(405,5): error TS2322: Type '{ name: string; workers: number; startDate: string; endDate: string; startTime: any; endTime: any; meetingPoint: any; } | null' is not assignable to type 'EttEntry | null'.
  Type '{ name: string; workers: number; startDate: string; endDate: string; startTime: any; endTime: any; meetingPoint: any; }' is not assignable to type 'EttEntry'.
    Types of property 'name' are incompatible.
      Type 'string' is not assignable to type '"ETT"'.
src/app/menu/quadrants/[id]/hooks/useServicePhasesState.ts(107,65): error TS2339: Property 'eventLocation' does not exist on type 'QuadrantEvent'.
src/app/menu/quadrants/drafts/components/DraftsTable.tsx(86,28): error TS2339: Property 'id' does not exist on type 'Partial<Row> | { name: any; meetingPoint: any; }'.
  Property 'id' does not exist on type '{ name: any; meetingPoint: any; }'.
src/app/menu/quadrants/drafts/components/DraftsTable.tsx(346,36): error TS2339: Property 'id' does not exist on type 'Partial<Row> | { name: any; meetingPoint: any; }'.
  Property 'id' does not exist on type '{ name: any; meetingPoint: any; }'.
src/app/menu/quadrants/drafts/components/DraftsTable.tsx(349,40): error TS2339: Property 'startDate' does not exist on type 'Partial<Row> | { name: any; meetingPoint: any; }'.
  Property 'startDate' does not exist on type '{ name: any; meetingPoint: any; }'.
src/app/menu/quadrants/drafts/components/DraftsTable.tsx(350,31): error TS2339: Property 'startTime' does not exist on type 'Partial<Row> | { name: any; meetingPoint: any; }'.
  Property 'startTime' does not exist on type '{ name: any; meetingPoint: any; }'.
src/app/menu/quadrants/drafts/components/DraftsTable.tsx(351,31): error TS2339: Property 'endDate' does not exist on type 'Partial<Row> | { name: any; meetingPoint: any; }'.
  Property 'endDate' does not exist on type '{ name: any; meetingPoint: any; }'.
src/app/menu/quadrants/drafts/components/DraftsTable.tsx(352,31): error TS2339: Property 'endTime' does not exist on type 'Partial<Row> | { name: any; meetingPoint: any; }'.
  Property 'endTime' does not exist on type '{ name: any; meetingPoint: any; }'.
src/app/menu/quadrants/drafts/components/DraftsTable.tsx(356,45): error TS2339: Property 'arrivalTime' does not exist on type 'Partial<Row> | { name: any; meetingPoint: any; }'.
  Property 'arrivalTime' does not exist on type '{ name: any; meetingPoint: any; }'.
src/app/menu/quadrants/drafts/components/DraftsTable.tsx(357,39): error TS2339: Property 'plate' does not exist on type 'Partial<Row> | { name: any; meetingPoint: any; }'.
  Property 'plate' does not exist on type '{ name: any; meetingPoint: any; }'.
src/app/menu/quadrants/drafts/components/DraftsTable.tsx(358,45): error TS2339: Property 'vehicleType' does not exist on type 'Partial<Row> | { name: any; meetingPoint: any; }'.
  Property 'vehicleType' does not exist on type '{ name: any; meetingPoint: any; }'.
src/app/menu/quadrants/drafts/components/QuadrantCard.tsx(99,89): error TS2345: Argument of type 'string | { [key: string]: unknown; }' is not assignable to parameter of type 'string | number | boolean'.
  Type '{ [key: string]: unknown; }' is not assignable to type 'string | number | boolean'.
src/app/menu/quadrants/drafts/components/QuadrantCard.tsx(105,13): error TS2322: Type 'string | { [key: string]: unknown; }' is not assignable to type 'ReactNode'.
  Type '{ [key: string]: unknown; }' is not assignable to type 'ReactNode'.
    Type '{ [key: string]: unknown; }' is missing the following properties from type 'ReactPortal': children, type, props, key
src/app/menu/quadrants/drafts/components/QuadrantCard.tsx(164,24): error TS2322: Type 'Draft' is not assignable to type 'DraftInput'.
  Types of property 'location' are incompatible.
    Type 'string | { [key: string]: unknown; } | undefined' is not assignable to type 'string | undefined'.
      Type '{ [key: string]: unknown; }' is not assignable to type 'string'.
src/app/menu/quadrants/drafts/components/QuadrantsDayGroup.tsx(49,13): error TS2322: Type '{ key: string; quadrant: Draft; onClick: () => void; }' is not assignable to type 'IntrinsicAttributes & Props'.
  Property 'onClick' does not exist on type 'IntrinsicAttributes & Props'.
src/app/menu/quadrants/drafts/page.tsx(134,25): error TS2339: Property 'text' does not exist on type 'never'.
src/app/menu/quadrants/drafts/page.tsx(160,22): error TS18047: 'searchParams' is possibly 'null'.
src/app/menu/quadrants/drafts/page.tsx(161,20): error TS18047: 'searchParams' is possibly 'null'.
src/app/menu/quadrants/drafts/page.tsx(367,63): error TS2339: Property 'timetables' does not exist on type 'Draft'.
src/app/menu/quadrants/drafts/page.tsx(368,27): error TS2339: Property 'timetables' does not exist on type 'Draft'.
src/app/menu/quadrants/hooks/useQuadrantsPageData.ts(209,9): error TS2353: Object literal may only specify known properties, and 'service' does not exist in type 'UnifiedEvent'.
src/app/menu/quadrants/page.tsx(331,7): error TS2322: Type 'unknown' is not assignable to type 'ReactNode'.
src/app/menu/quadrants/page.tsx(427,33): error TS2353: Object literal may only specify known properties, and 'startTime' does not exist in type 'UnifiedEvent | ((prevState: UnifiedEvent | null) => UnifiedEvent | null)'.
src/app/menu/quadrants/page.tsx(427,70): error TS2339: Property 'startTime' does not exist on type 'UnifiedEvent'.
src/app/menu/quadrants/page.tsx(428,66): error TS2339: Property 'endTime' does not exist on type 'UnifiedEvent'.
src/app/menu/quadrants/page.tsx(456,33): error TS2339: Property 'service' does not exist on type 'UnifiedEvent'.
src/app/menu/quadrants/page.tsx(486,38): error TS2353: Object literal may only specify known properties, and 'startTime' does not exist in type 'UnifiedEvent | ((prevState: UnifiedEvent | null) => UnifiedEvent | null)'.
src/app/menu/quadrants/page.tsx(486,75): error TS2339: Property 'startTime' does not exist on type 'UnifiedEvent'.
src/app/menu/quadrants/page.tsx(487,71): error TS2339: Property 'endTime' does not exist on type 'UnifiedEvent'.
src/app/menu/quadrants/page.tsx(509,11): error TS2322: Type 'UnifiedEvent' is not assignable to type 'QuadrantEvent'.
  Types of property 'location' are incompatible.
    Type 'string | null | undefined' is not assignable to type 'string | undefined'.
      Type 'null' is not assignable to type 'string | undefined'.
src/app/menu/quadrants/types.ts(5,18): error TS2430: Interface 'UnifiedEvent' incorrectly extends interface 'QuadrantEvent'.
  Types of property 'location' are incompatible.
    Type 'string | null | undefined' is not assignable to type 'string | undefined'.
      Type 'null' is not assignable to type 'string | undefined'.
src/app/menu/reports/personnel/page.tsx(19,5): error TS2353: Object literal may only specify known properties, and 'responsible' does not exist in type 'ReportFilters | (() => ReportFilters)'.
src/app/menu/reports/personnel/page.tsx(25,5): error TS2353: Object literal may only specify known properties, and 'type' does not exist in type 'ReportFilters'.
src/app/menu/reports/personnel/page.tsx(29,26): error TS2339: Property 'responsible' does not exist on type 'ReportFilters'.
src/app/menu/reports/personnel/page.tsx(43,7): error TS2353: Object literal may only specify known properties, and 'responsible' does not exist in type 'ReportFilters'.
src/app/menu/reports/personnel/page.tsx(56,53): error TS2339: Property 'stats' does not exist on type 'ReportPersonnelRow[]'.
src/app/menu/reports/personnel/page.tsx(57,53): error TS2339: Property 'stats' does not exist on type 'ReportPersonnelRow[]'.
src/app/menu/reports/personnel/page.tsx(58,53): error TS2339: Property 'stats' does not exist on type 'ReportPersonnelRow[]'.
src/app/menu/reports/personnel/page.tsx(59,46): error TS2339: Property 'stats' does not exist on type 'ReportPersonnelRow[]'.
src/app/menu/reports/personnel/page.tsx(66,10): error TS2741: Property 'departments' is missing in type '{ filters: ReportFilters; onChange: (upd: Partial<ReportFilters>) => void; onApply: () => void; onReset: () => void; loading: false; }' but required in type 'Props'.
src/app/menu/reports/personnel/page.tsx(91,37): error TS2339: Property 'chartByPerson' does not exist on type 'ReportPersonnelRow[]'.
src/app/menu/reports/personnel/page.tsx(101,38): error TS2339: Property 'chartDonut' does not exist on type 'ReportPersonnelRow[]'.
src/app/menu/reports/personnel/page.tsx(108,35): error TS2339: Property 'rows' does not exist on type 'ReportPersonnelRow[]'.
src/app/menu/spaces/reserves/page.tsx(44,15): error TS2345: Argument of type '{ stage: string; finca: string; comercial: string; ln: string; baseDate: string; month: number; year: number; }' is not assignable to parameter of type 'SpacesFilterState & { baseDate: string; month?: number | undefined; year?: number | undefined; }'.
  Type '{ stage: string; finca: string; comercial: string; ln: string; baseDate: string; month: number; year: number; }' is not assignable to type 'SpacesFilterState'.
    Types of property 'stage' are incompatible.
      Type 'string' is not assignable to type '"all" | "confirmat" | "pressupost" | "calentet" | undefined'.
src/app/menu/torns/components/TornCard.tsx(168,80): error TS2339: Property 'onChatClick' does not exist on type 'Props'.
src/app/menu/torns/components/TornCardWorker.tsx(135,86): error TS2339: Property 'onChatClick' does not exist on type 'Props'.
src/app/menu/torns/components/TornsList.tsx(236,7): error TS2322: Type '{ item: TornCardItem; onEventClick: (() => void) | undefined; onAvisosClick: (() => void) | undefined; onChatClick: (() => void) | undefined; }' is not assignable to type 'IntrinsicAttributes & Props'.
  Property 'onChatClick' does not exist on type 'IntrinsicAttributes & Props'.
src/app/menu/torns/components/TornsList.tsx(249,7): error TS2322: Type '{ item: TornCardItem; onEventClick: (() => void) | undefined; onAvisosClick: (() => void) | undefined; onChatClick: (() => void) | undefined; }' is not assignable to type 'IntrinsicAttributes & Props'.
  Property 'onChatClick' does not exist on type 'IntrinsicAttributes & Props'.
src/app/menu/torns/page.tsx(271,7): error TS2322: Type 'boolean | "" | undefined' is not assignable to type 'boolean | undefined'.
  Type '""' is not assignable to type 'boolean | undefined'.
src/components/calendar/CalendarList.tsx(24,37): error TS2339: Property 'Data' does not exist on type 'Deal'.
src/components/calendar/CalendarNewEventModal.tsx(349,7): error TS1117: An object literal cannot have multiple properties with the same name.
src/components/calendar/CalendarNewEventModal.tsx(482,15): error TS2322: Type 'string | Record<string, unknown>' is not assignable to type 'string | undefined'.
  Type 'Record<string, unknown>' is not assignable to type 'string'.
src/components/calendar/CalendarNewEventModal.tsx(490,15): error TS2322: Type 'string | Record<string, unknown>' is not assignable to type 'string | undefined'.
  Type 'Record<string, unknown>' is not assignable to type 'string'.
src/components/events/EventAvisosModal.tsx(96,25): error TS18047: 'target' is possibly 'null'.
src/components/events/EventCard.tsx(111,20): error TS2339: Property 'horaInici' does not exist on type 'EventData'.
src/components/events/EventCard.tsx(114,30): error TS2339: Property 'horaInici' does not exist on type 'EventData'.
src/components/events/EventDocumentsSheet.tsx(44,13): error TS2345: Argument of type '() => (() => HTMLDivElement) | undefined' is not assignable to parameter of type 'EffectCallback'.
  Type '(() => HTMLDivElement) | undefined' is not assignable to type 'void | Destructor'.
    Type '() => HTMLDivElement' is not assignable to type 'void | Destructor'.
      Type '() => HTMLDivElement' is not assignable to type 'Destructor'.
        Type 'HTMLDivElement' is not assignable to type 'void | { [UNDEFINED_VOID_ONLY]: never; }'.
src/components/events/EventDocumentsSheet.tsx(196,20): error TS2304: Cannot find name 'displayTitle'.
src/components/events/EventDocumentsSheet.tsx(200,22): error TS2304: Cannot find name 'kindLabel'.
src/components/events/EventDocumentsSheet.tsx(203,24): error TS2339: Property 'updatedAt' does not exist on type 'EventDoc'.
src/components/events/EventDocumentsSheet.tsx(203,47): error TS2339: Property 'updatedAt' does not exist on type 'EventDoc'.
src/components/logistics/LogisticsGrid.tsx(58,12): error TS2741: Property 'role' is missing in type '{ showStatus: false; modeDefault: "week"; onChange: (f: SmartFiltersChange) => void; }' but required in type 'SmartFiltersProps'.
src/components/personnel/PersonnelList.tsx(38,53): error TS2322: Type '{ className: string; title: string; }' is not assignable to type 'IntrinsicAttributes & Omit<LucideProps, "ref"> & RefAttributes<SVGSVGElement>'.
  Property 'title' does not exist on type 'IntrinsicAttributes & Omit<LucideProps, "ref"> & RefAttributes<SVGSVGElement>'.
src/components/personnel/PersonnelList.tsx(41,54): error TS2322: Type '{ className: string; title: string; }' is not assignable to type 'IntrinsicAttributes & Omit<LucideProps, "ref"> & RefAttributes<SVGSVGElement>'.
  Property 'title' does not exist on type 'IntrinsicAttributes & Omit<LucideProps, "ref"> & RefAttributes<SVGSVGElement>'.
src/components/personnel/PersonnelList.tsx(44,53): error TS2322: Type '{ className: string; title: string; }' is not assignable to type 'IntrinsicAttributes & Omit<LucideProps, "ref"> & RefAttributes<SVGSVGElement>'.
  Property 'title' does not exist on type 'IntrinsicAttributes & Omit<LucideProps, "ref"> & RefAttributes<SVGSVGElement>'.
src/components/personnel/PersonnelList.tsx(46,51): error TS2322: Type '{ className: string; title: string; }' is not assignable to type 'IntrinsicAttributes & Omit<LucideProps, "ref"> & RefAttributes<SVGSVGElement>'.
  Property 'title' does not exist on type 'IntrinsicAttributes & Omit<LucideProps, "ref"> & RefAttributes<SVGSVGElement>'.
src/components/reports/filters/FiltersBar.tsx(66,13): error TS2820: Type '"admin"' is not assignable to type 'Role'. Did you mean '"Admin"'?
src/components/reports/summary/SummaryPanel.tsx(123,20): error TS2322: Type '{ id: string; name: string; ln: string; pax: number; location: string; commercial: string; serviceType?: string | undefined; }[]' is not assignable to type 'EventRow[]'.
  Type '{ id: string; name: string; ln: string; pax: number; location: string; commercial: string; serviceType?: string | undefined; }' is not assignable to type 'EventRow'.
    Types of property 'serviceType' are incompatible.
      Type 'string | undefined' is not assignable to type 'string'.
        Type 'undefined' is not assignable to type 'string'.
src/components/spaces/SpaceGrid.tsx(8,15): error TS2459: Module '"@/services/spaces/spaces"' declares 'SpaceRow' locally, but it is not exported.
src/components/transports/NewTransportModal.tsx(246,3): error TS2353: Object literal may only specify known properties, and 'itvExpiry' does not exist in type 'TransportPayload'.
src/components/ui/calendar.tsx(19,8): error TS2322: Type '{ mode: "single" | "range"; selected: any; onSelect: ((value: any) => void) | undefined; locale: Locale; showOutsideDays: true; numberOfMonths: number; defaultMonth: any; weekStartsOn: 1; styles: { ...; }; modifiersClassNames: { ...; }; }' is not assignable to type 'IntrinsicAttributes & DayPickerProps'.
  Type '{ mode: "single" | "range"; selected: any; onSelect: ((value: any) => void) | undefined; locale: Locale; showOutsideDays: true; numberOfMonths: number; defaultMonth: any; weekStartsOn: 1; styles: { ...; }; modifiersClassNames: { ...; }; }' is not assignable to type '(IntrinsicAttributes & PropsBase & PropsSingle) | (IntrinsicAttributes & PropsBase & PropsSingleRequired) | (IntrinsicAttributes & ... 1 more ... & PropsRange) | (IntrinsicAttributes & ... 1 more ... & PropsRangeRequired)'.
    Property 'required' is missing in type '{ mode: "single" | "range"; selected: any; onSelect: ((value: any) => void) | undefined; locale: Locale; showOutsideDays: true; numberOfMonths: number; defaultMonth: any; weekStartsOn: 1; styles: { ...; }; modifiersClassNames: { ...; }; }' but required in type 'PropsRangeRequired'.
src/components/ui/ConfirmQuadrantButton.tsx(5,29): error TS2307: Cannot find module '@/hooks/useQuadrant' or its corresponding type declarations.
src/components/users/UserFormModal.tsx(191,9): error TS2561: Object literal may only specify known properties, but 'isDriver' does not exist in type 'User'. Did you mean to write 'driver'?
src/context/QuadrantContext.tsx(3,46): error TS2307: Cannot find module '@/services/shifts' or its corresponding type declarations.
src/context/QuadrantContext.tsx(4,72): error TS2307: Cannot find module '@/services/shifts' or its corresponding type declarations.
src/hooks/useDepartments.ts(17,9): error TS2322: Type 'unknown[]' is not assignable to type 'string[]'.
  Type 'unknown' is not assignable to type 'string'.
src/hooks/useDepartments.ts(19,36): error TS18046: 'a' is of type 'unknown'.
src/hooks/usePushNotifications.ts(77,17): error TS2339: Property 'remove' does not exist on type 'Promise<PluginListenerHandle>'.
src/hooks/usePushNotifications.ts(78,17): error TS2339: Property 'remove' does not exist on type 'Promise<PluginListenerHandle>'.
src/hooks/usePushNotifications.ts(82,17): error TS2339: Property 'remove' does not exist on type 'Promise<PluginListenerHandle>'.
src/hooks/usePushNotifications.ts(83,17): error TS2339: Property 'remove' does not exist on type 'Promise<PluginListenerHandle>'.
src/hooks/usePushNotifications.ts(84,27): error TS2339: Property 'message' does not exist on type 'RegistrationError'.
src/hooks/withAdmin.tsx(39,13): error TS2322: Type 'P' is not assignable to type 'IntrinsicAttributes & P'.
  Type 'P' is not assignable to type 'IntrinsicAttributes'.
src/hooks/withCalendarAcces.tsx(25,13): error TS2322: Type 'P' is not assignable to type 'IntrinsicAttributes & P'.
  Type 'P' is not assignable to type 'IntrinsicAttributes'.
src/lib/firestore/personnel.ts(58,3): error TS2322: Type '{ id: string; name: string; role: "driver" | "responsible" | "soldier"; driver: { isDriver?: boolean | undefined; camioGran?: boolean | undefined; camioPetit?: boolean | undefined; }; available: boolean; department: string | undefined; }[]' is not assignable to type 'Personnel[]'.
  Type '{ id: string; name: string; role: "driver" | "responsible" | "soldier"; driver: { isDriver?: boolean; camioGran?: boolean; camioPetit?: boolean; }; available: boolean; department: string | undefined; }' is not assignable to type 'Personnel'.
    The types of 'driver.camioGran' are incompatible between these types.
      Type 'boolean | undefined' is not assignable to type 'boolean'.
        Type 'undefined' is not assignable to type 'boolean'.
src/lib/quadrant.ts(2,10): error TS2305: Module '"./firebaseAdmin"' has no exported member 'firestore'.
src/lib/quadrant.ts(20,22): error TS2304: Cannot find name 'firestoreAdmin'.
src/services/autoAssign.ts(296,5): error TS2353: Object literal may only specify known properties, and 'dept' does not exist in type 'AssignDriverParams'.
src/services/reports.ts(41,11): error TS2304: Cannot find name 'firestoreAdmin'.
src/services/sync/sapSync.ts(80,19): error TS2304: Cannot find name 'firestoreAdmin'.
